[17-Feb-2018 23:27:49 UTC] PHP Parse error:  syntax error, unexpected '"', expecting ',' or ';' in /home/ubuntu/workspace/dawong/hw/hw2/inc/functions.php on line 24
[17-Feb-2018 23:27:49 UTC] PHP Stack trace:
[17-Feb-2018 23:27:49 UTC] PHP   1. {main}() /home/ubuntu/workspace/dawong/hw/hw2/index.php:0
[17-Feb-2018 23:29:23 UTC] PHP Warning:  Invalid argument supplied for foreach() in /home/ubuntu/workspace/dawong/hw/hw2/inc/functions.php on line 23
[17-Feb-2018 23:29:24 UTC] PHP Stack trace:
[17-Feb-2018 23:29:24 UTC] PHP   1. {main}() /home/ubuntu/workspace/dawong/hw/hw2/index.php:0
[17-Feb-2018 23:29:24 UTC] PHP   2. play() /home/ubuntu/workspace/dawong/hw/hw2/index.php:13
[17-Feb-2018 23:29:24 UTC] PHP   3. printCards() /home/ubuntu/workspace/dawong/hw/hw2/inc/functions.php:31
[17-Feb-2018 23:35:29 UTC] PHP Parse error:  syntax error, unexpected 'global' (T_GLOBAL) in /home/ubuntu/workspace/dawong/hw/hw2/inc/functions.php on line 25
[17-Feb-2018 23:35:29 UTC] PHP Stack trace:
[17-Feb-2018 23:35:29 UTC] PHP   1. {main}() /home/ubuntu/workspace/dawong/hw/hw2/index.php:0
[17-Feb-2018 23:35:49 UTC] PHP Parse error:  syntax error, unexpected 'global' (T_GLOBAL) in /home/ubuntu/workspace/dawong/hw/hw2/inc/functions.php on line 25
[17-Feb-2018 23:35:49 UTC] PHP Stack trace:
[17-Feb-2018 23:35:49 UTC] PHP   1. {main}() /home/ubuntu/workspace/dawong/hw/hw2/index.php:0
[17-Feb-2018 23:36:09 UTC] PHP Parse error:  syntax error, unexpected 'global' (T_GLOBAL) in /home/ubuntu/workspace/dawong/hw/hw2/inc/functions.php on line 25
[17-Feb-2018 23:36:09 UTC] PHP Stack trace:
[17-Feb-2018 23:36:09 UTC] PHP   1. {main}() /home/ubuntu/workspace/dawong/hw/hw2/index.php:0
[18-Feb-2018 18:03:37 UTC] PHP Warning:  Invalid argument supplied for foreach() in /home/ubuntu/workspace/dawong/hw/hw2/inc/functions.php on line 40
[18-Feb-2018 18:03:37 UTC] PHP Stack trace:
[18-Feb-2018 18:03:37 UTC] PHP   1. {main}() /home/ubuntu/workspace/dawong/hw/hw2/index.php:0
[18-Feb-2018 18:03:37 UTC] PHP   2. include() /home/ubuntu/workspace/dawong/hw/hw2/index.php:1
[18-Feb-2018 18:03:37 UTC] PHP   3. printCards() /home/ubuntu/workspace/dawong/hw/hw2/inc/functions.php:47
[18-Feb-2018 18:03:37 UTC] PHP Warning:  Invalid argument supplied for foreach() in /home/ubuntu/workspace/dawong/hw/hw2/inc/functions.php on line 40
[18-Feb-2018 18:03:37 UTC] PHP Stack trace:
[18-Feb-2018 18:03:37 UTC] PHP   1. {main}() /home/ubuntu/workspace/dawong/hw/hw2/index.php:0
[18-Feb-2018 18:03:37 UTC] PHP   2. include() /home/ubuntu/workspace/dawong/hw/hw2/index.php:1
[18-Feb-2018 18:03:37 UTC] PHP   3. printCards() /home/ubuntu/workspace/dawong/hw/hw2/inc/functions.php:49
[18-Feb-2018 18:03:37 UTC] PHP Warning:  Invalid argument supplied for foreach() in /home/ubuntu/workspace/dawong/hw/hw2/inc/functions.php on line 40
[18-Feb-2018 18:03:37 UTC] PHP Stack trace:
[18-Feb-2018 18:03:37 UTC] PHP   1. {main}() /home/ubuntu/workspace/dawong/hw/hw2/index.php:0
[18-Feb-2018 18:03:37 UTC] PHP   2. include() /home/ubuntu/workspace/dawong/hw/hw2/index.php:1
[18-Feb-2018 18:03:37 UTC] PHP   3. printCards() /home/ubuntu/workspace/dawong/hw/hw2/inc/functions.php:51
[18-Feb-2018 18:03:37 UTC] PHP Warning:  Invalid argument supplied for foreach() in /home/ubuntu/workspace/dawong/hw/hw2/inc/functions.php on line 40
[18-Feb-2018 18:03:37 UTC] PHP Stack trace:
[18-Feb-2018 18:03:37 UTC] PHP   1. {main}() /home/ubuntu/workspace/dawong/hw/hw2/index.php:0
[18-Feb-2018 18:03:37 UTC] PHP   2. include() /home/ubuntu/workspace/dawong/hw/hw2/index.php:1
[18-Feb-2018 18:03:37 UTC] PHP   3. printCards() /home/ubuntu/workspace/dawong/hw/hw2/inc/functions.php:53
[18-Feb-2018 18:03:37 UTC] PHP Warning:  Invalid argument supplied for foreach() in /home/ubuntu/workspace/dawong/hw/hw2/inc/functions.php on line 40
[18-Feb-2018 18:03:37 UTC] PHP Stack trace:
[18-Feb-2018 18:03:37 UTC] PHP   1. {main}() /home/ubuntu/workspace/dawong/hw/hw2/index.php:0
[18-Feb-2018 18:03:37 UTC] PHP   2. include() /home/ubuntu/workspace/dawong/hw/hw2/index.php:1
[18-Feb-2018 18:03:37 UTC] PHP   3. printCards() /home/ubuntu/workspace/dawong/hw/hw2/inc/functions.php:55
[18-Feb-2018 18:14:10 UTC] PHP Warning:  Invalid argument supplied for foreach() in /home/ubuntu/workspace/dawong/hw/hw2/inc/functions.php on line 41
[18-Feb-2018 18:14:10 UTC] PHP Stack trace:
[18-Feb-2018 18:14:10 UTC] PHP   1. {main}() /home/ubuntu/workspace/dawong/hw/hw2/index.php:0
[18-Feb-2018 18:14:10 UTC] PHP   2. include() /home/ubuntu/workspace/dawong/hw/hw2/index.php:1
[18-Feb-2018 18:14:10 UTC] PHP   3. printCards() /home/ubuntu/workspace/dawong/hw/hw2/inc/functions.php:59
[18-Feb-2018 18:16:42 UTC] PHP Warning:  Missing argument 1 for printCards(), called in /home/ubuntu/workspace/dawong/hw/hw2/inc/functions.php on line 59 and defined in /home/ubuntu/workspace/dawong/hw/hw2/inc/functions.php on line 39
[18-Feb-2018 18:16:42 UTC] PHP Stack trace:
[18-Feb-2018 18:16:42 UTC] PHP   1. {main}() /home/ubuntu/workspace/dawong/hw/hw2/index.php:0
[18-Feb-2018 18:16:42 UTC] PHP   2. include() /home/ubuntu/workspace/dawong/hw/hw2/index.php:1
[18-Feb-2018 18:16:42 UTC] PHP   3. printCards() /home/ubuntu/workspace/dawong/hw/hw2/inc/functions.php:59
[18-Feb-2018 18:16:42 UTC] PHP Warning:  Invalid argument supplied for foreach() in /home/ubuntu/workspace/dawong/hw/hw2/inc/functions.php on line 41
[18-Feb-2018 18:16:42 UTC] PHP Stack trace:
[18-Feb-2018 18:16:42 UTC] PHP   1. {main}() /home/ubuntu/workspace/dawong/hw/hw2/index.php:0
[18-Feb-2018 18:16:42 UTC] PHP   2. include() /home/ubuntu/workspace/dawong/hw/hw2/index.php:1
[18-Feb-2018 18:16:42 UTC] PHP   3. printCards() /home/ubuntu/workspace/dawong/hw/hw2/inc/functions.php:59
[18-Feb-2018 18:18:20 UTC] PHP Warning:  Invalid argument supplied for foreach() in /home/ubuntu/workspace/dawong/hw/hw2/inc/functions.php on line 41
[18-Feb-2018 18:18:20 UTC] PHP Stack trace:
[18-Feb-2018 18:18:20 UTC] PHP   1. {main}() /home/ubuntu/workspace/dawong/hw/hw2/index.php:0
[18-Feb-2018 18:18:20 UTC] PHP   2. include() /home/ubuntu/workspace/dawong/hw/hw2/index.php:1
[18-Feb-2018 18:18:20 UTC] PHP   3. printCards() /home/ubuntu/workspace/dawong/hw/hw2/inc/functions.php:59
[18-Feb-2018 18:19:00 UTC] PHP Warning:  Invalid argument supplied for foreach() in /home/ubuntu/workspace/dawong/hw/hw2/inc/functions.php on line 41
[18-Feb-2018 18:19:00 UTC] PHP Stack trace:
[18-Feb-2018 18:19:00 UTC] PHP   1. {main}() /home/ubuntu/workspace/dawong/hw/hw2/index.php:0
[18-Feb-2018 18:19:00 UTC] PHP   2. include() /home/ubuntu/workspace/dawong/hw/hw2/index.php:1
[18-Feb-2018 18:19:00 UTC] PHP   3. printCards() /home/ubuntu/workspace/dawong/hw/hw2/inc/functions.php:59
[18-Feb-2018 18:19:33 UTC] PHP Warning:  Invalid argument supplied for foreach() in /home/ubuntu/workspace/dawong/hw/hw2/inc/functions.php on line 41
[18-Feb-2018 18:19:33 UTC] PHP Stack trace:
[18-Feb-2018 18:19:33 UTC] PHP   1. {main}() /home/ubuntu/workspace/dawong/hw/hw2/index.php:0
[18-Feb-2018 18:19:33 UTC] PHP   2. include() /home/ubuntu/workspace/dawong/hw/hw2/index.php:1
[18-Feb-2018 18:19:33 UTC] PHP   3. printCards() /home/ubuntu/workspace/dawong/hw/hw2/inc/functions.php:59
[18-Feb-2018 18:19:35 UTC] PHP Warning:  Invalid argument supplied for foreach() in /home/ubuntu/workspace/dawong/hw/hw2/inc/functions.php on line 41
[18-Feb-2018 18:19:35 UTC] PHP Stack trace:
[18-Feb-2018 18:19:35 UTC] PHP   1. {main}() /home/ubuntu/workspace/dawong/hw/hw2/index.php:0
[18-Feb-2018 18:19:35 UTC] PHP   2. include() /home/ubuntu/workspace/dawong/hw/hw2/index.php:1
[18-Feb-2018 18:19:35 UTC] PHP   3. printCards() /home/ubuntu/workspace/dawong/hw/hw2/inc/functions.php:59
[18-Feb-2018 18:20:36 UTC] PHP Warning:  Invalid argument supplied for foreach() in /home/ubuntu/workspace/dawong/hw/hw2/inc/functions.php on line 38
[18-Feb-2018 18:20:36 UTC] PHP Stack trace:
[18-Feb-2018 18:20:36 UTC] PHP   1. {main}() /home/ubuntu/workspace/dawong/hw/hw2/index.php:0
[18-Feb-2018 18:20:36 UTC] PHP   2. include() /home/ubuntu/workspace/dawong/hw/hw2/index.php:1
[18-Feb-2018 18:23:27 UTC] PHP Warning:  Invalid argument supplied for foreach() in /home/ubuntu/workspace/dawong/hw/hw2/inc/functions.php on line 38
[18-Feb-2018 18:23:27 UTC] PHP Stack trace:
[18-Feb-2018 18:23:27 UTC] PHP   1. {main}() /home/ubuntu/workspace/dawong/hw/hw2/index.php:0
[18-Feb-2018 18:23:27 UTC] PHP   2. include() /home/ubuntu/workspace/dawong/hw/hw2/index.php:1
[18-Feb-2018 18:23:36 UTC] PHP Warning:  Invalid argument supplied for foreach() in /home/ubuntu/workspace/dawong/hw/hw2/inc/functions.php on line 38
[18-Feb-2018 18:23:36 UTC] PHP Stack trace:
[18-Feb-2018 18:23:36 UTC] PHP   1. {main}() /home/ubuntu/workspace/dawong/hw/hw2/index.php:0
[18-Feb-2018 18:23:36 UTC] PHP   2. include() /home/ubuntu/workspace/dawong/hw/hw2/index.php:1
[18-Feb-2018 18:30:41 UTC] PHP Fatal error:  Call to undefined function arrayPush() in /home/ubuntu/workspace/dawong/hw/hw2/inc/functions.php on line 17
[18-Feb-2018 18:30:41 UTC] PHP Stack trace:
[18-Feb-2018 18:30:41 UTC] PHP   1. {main}() /home/ubuntu/workspace/dawong/hw/hw2/index.php:0
[18-Feb-2018 18:30:41 UTC] PHP   2. play() /home/ubuntu/workspace/dawong/hw/hw2/index.php:13
[18-Feb-2018 18:34:06 UTC] PHP Parse error:  syntax error, unexpected end of file in /home/ubuntu/workspace/dawong/hw/hw2/inc/functions.php on line 62
[18-Feb-2018 18:34:06 UTC] PHP Stack trace:
[18-Feb-2018 18:34:06 UTC] PHP   1. {main}() /home/ubuntu/workspace/dawong/hw/hw2/index.php:0
[18-Feb-2018 18:36:06 UTC] PHP Warning:  Invalid argument supplied for foreach() in /home/ubuntu/workspace/dawong/hw/hw2/inc/functions.php on line 39
[18-Feb-2018 18:36:06 UTC] PHP Stack trace:
[18-Feb-2018 18:36:06 UTC] PHP   1. {main}() /home/ubuntu/workspace/dawong/hw/hw2/index.php:0
[18-Feb-2018 18:36:06 UTC] PHP   2. play() /home/ubuntu/workspace/dawong/hw/hw2/index.php:13
[18-Feb-2018 18:36:06 UTC] PHP   3. printCards() /home/ubuntu/workspace/dawong/hw/hw2/inc/functions.php:45
[18-Feb-2018 18:36:06 UTC] PHP Warning:  Invalid argument supplied for foreach() in /home/ubuntu/workspace/dawong/hw/hw2/inc/functions.php on line 39
[18-Feb-2018 18:36:06 UTC] PHP Stack trace:
[18-Feb-2018 18:36:06 UTC] PHP   1. {main}() /home/ubuntu/workspace/dawong/hw/hw2/index.php:0
[18-Feb-2018 18:36:06 UTC] PHP   2. play() /home/ubuntu/workspace/dawong/hw/hw2/index.php:13
[18-Feb-2018 18:36:06 UTC] PHP   3. printCards() /home/ubuntu/workspace/dawong/hw/hw2/inc/functions.php:47
[18-Feb-2018 18:36:06 UTC] PHP Warning:  Invalid argument supplied for foreach() in /home/ubuntu/workspace/dawong/hw/hw2/inc/functions.php on line 39
[18-Feb-2018 18:36:06 UTC] PHP Stack trace:
[18-Feb-2018 18:36:06 UTC] PHP   1. {main}() /home/ubuntu/workspace/dawong/hw/hw2/index.php:0
[18-Feb-2018 18:36:06 UTC] PHP   2. play() /home/ubuntu/workspace/dawong/hw/hw2/index.php:13
[18-Feb-2018 18:36:06 UTC] PHP   3. printCards() /home/ubuntu/workspace/dawong/hw/hw2/inc/functions.php:49
[18-Feb-2018 18:36:06 UTC] PHP Warning:  Invalid argument supplied for foreach() in /home/ubuntu/workspace/dawong/hw/hw2/inc/functions.php on line 39
[18-Feb-2018 18:36:06 UTC] PHP Stack trace:
[18-Feb-2018 18:36:06 UTC] PHP   1. {main}() /home/ubuntu/workspace/dawong/hw/hw2/index.php:0
[18-Feb-2018 18:36:06 UTC] PHP   2. play() /home/ubuntu/workspace/dawong/hw/hw2/index.php:13
[18-Feb-2018 18:36:06 UTC] PHP   3. printCards() /home/ubuntu/workspace/dawong/hw/hw2/inc/functions.php:51
[18-Feb-2018 18:36:06 UTC] PHP Warning:  Invalid argument supplied for foreach() in /home/ubuntu/workspace/dawong/hw/hw2/inc/functions.php on line 39
[18-Feb-2018 18:36:06 UTC] PHP Stack trace:
[18-Feb-2018 18:36:06 UTC] PHP   1. {main}() /home/ubuntu/workspace/dawong/hw/hw2/index.php:0
[18-Feb-2018 18:36:06 UTC] PHP   2. play() /home/ubuntu/workspace/dawong/hw/hw2/index.php:13
[18-Feb-2018 18:36:06 UTC] PHP   3. printCards() /home/ubuntu/workspace/dawong/hw/hw2/inc/functions.php:53
[18-Feb-2018 18:41:22 UTC] PHP Warning:  array_push() expects parameter 1 to be array, null given in /home/ubuntu/workspace/dawong/hw/hw2/inc/functions.php on line 31
[18-Feb-2018 18:41:22 UTC] PHP Stack trace:
[18-Feb-2018 18:41:22 UTC] PHP   1. {main}() /home/ubuntu/workspace/dawong/hw/hw2/index.php:0
[18-Feb-2018 18:41:22 UTC] PHP   2. play() /home/ubuntu/workspace/dawong/hw/hw2/index.php:13
[18-Feb-2018 18:41:22 UTC] PHP   3. array_push() /home/ubuntu/workspace/dawong/hw/hw2/inc/functions.php:31
[18-Feb-2018 18:41:22 UTC] PHP Warning:  array_push() expects parameter 1 to be array, null given in /home/ubuntu/workspace/dawong/hw/hw2/inc/functions.php on line 31
[18-Feb-2018 18:41:22 UTC] PHP Stack trace:
[18-Feb-2018 18:41:22 UTC] PHP   1. {main}() /home/ubuntu/workspace/dawong/hw/hw2/index.php:0
[18-Feb-2018 18:41:22 UTC] PHP   2. play() /home/ubuntu/workspace/dawong/hw/hw2/index.php:13
[18-Feb-2018 18:41:22 UTC] PHP   3. array_push() /home/ubuntu/workspace/dawong/hw/hw2/inc/functions.php:31
[18-Feb-2018 19:05:16 UTC] PHP Fatal error:  Call to undefined function merge() in /home/ubuntu/workspace/dawong/hw/hw2/inc/functions.php on line 9
[18-Feb-2018 19:05:16 UTC] PHP Stack trace:
[18-Feb-2018 19:05:16 UTC] PHP   1. {main}() /home/ubuntu/workspace/dawong/hw/hw2/index.php:0
[18-Feb-2018 19:05:16 UTC] PHP   2. play() /home/ubuntu/workspace/dawong/hw/hw2/index.php:13
[18-Feb-2018 19:05:16 UTC] PHP   3. createHand() /home/ubuntu/workspace/dawong/hw/hw2/inc/functions.php:54
[18-Feb-2018 19:05:48 UTC] PHP Warning:  Invalid argument supplied for foreach() in /home/ubuntu/workspace/dawong/hw/hw2/inc/functions.php on line 58
[18-Feb-2018 19:05:48 UTC] PHP Stack trace:
[18-Feb-2018 19:05:48 UTC] PHP   1. {main}() /home/ubuntu/workspace/dawong/hw/hw2/index.php:0
[18-Feb-2018 19:05:48 UTC] PHP   2. play() /home/ubuntu/workspace/dawong/hw/hw2/index.php:13
[18-Feb-2018 19:05:48 UTC] PHP   3. printCards() /home/ubuntu/workspace/dawong/hw/hw2/inc/functions.php:80
[18-Feb-2018 19:13:04 UTC] PHP Warning:  array_pop() expects parameter 1 to be array, null given in /home/ubuntu/workspace/dawong/hw/hw2/inc/functions.php on line 30
[18-Feb-2018 19:13:04 UTC] PHP Stack trace:
[18-Feb-2018 19:13:04 UTC] PHP   1. {main}() /home/ubuntu/workspace/dawong/hw/hw2/index.php:0
[18-Feb-2018 19:13:04 UTC] PHP   2. play() /home/ubuntu/workspace/dawong/hw/hw2/index.php:13
[18-Feb-2018 19:13:04 UTC] PHP   3. addFromDeck() /home/ubuntu/workspace/dawong/hw/hw2/inc/functions.php:63
[18-Feb-2018 19:13:04 UTC] PHP   4. array_pop() /home/ubuntu/workspace/dawong/hw/hw2/inc/functions.php:30
[18-Feb-2018 19:13:04 UTC] PHP Warning:  array_pop() expects parameter 1 to be array, null given in /home/ubuntu/workspace/dawong/hw/hw2/inc/functions.php on line 30
[18-Feb-2018 19:13:04 UTC] PHP Stack trace:
[18-Feb-2018 19:13:04 UTC] PHP   1. {main}() /home/ubuntu/workspace/dawong/hw/hw2/index.php:0
[18-Feb-2018 19:13:04 UTC] PHP   2. play() /home/ubuntu/workspace/dawong/hw/hw2/index.php:13
[18-Feb-2018 19:13:04 UTC] PHP   3. addFromDeck() /home/ubuntu/workspace/dawong/hw/hw2/inc/functions.php:63
[18-Feb-2018 19:13:04 UTC] PHP   4. array_pop() /home/ubuntu/workspace/dawong/hw/hw2/inc/functions.php:30
[18-Feb-2018 19:13:04 UTC] PHP Warning:  array_pop() expects parameter 1 to be array, null given in /home/ubuntu/workspace/dawong/hw/hw2/inc/functions.php on line 30
[18-Feb-2018 19:13:04 UTC] PHP Stack trace:
[18-Feb-2018 19:13:04 UTC] PHP   1. {main}() /home/ubuntu/workspace/dawong/hw/hw2/index.php:0
[18-Feb-2018 19:13:04 UTC] PHP   2. play() /home/ubuntu/workspace/dawong/hw/hw2/index.php:13
[18-Feb-2018 19:13:04 UTC] PHP   3. addFromDeck() /home/ubuntu/workspace/dawong/hw/hw2/inc/functions.php:64
[18-Feb-2018 19:13:04 UTC] PHP   4. array_pop() /home/ubuntu/workspace/dawong/hw/hw2/inc/functions.php:30
[18-Feb-2018 19:13:04 UTC] PHP Warning:  array_pop() expects parameter 1 to be array, null given in /home/ubuntu/workspace/dawong/hw/hw2/inc/functions.php on line 30
[18-Feb-2018 19:13:04 UTC] PHP Stack trace:
[18-Feb-2018 19:13:04 UTC] PHP   1. {main}() /home/ubuntu/workspace/dawong/hw/hw2/index.php:0
[18-Feb-2018 19:13:04 UTC] PHP   2. play() /home/ubuntu/workspace/dawong/hw/hw2/index.php:13
[18-Feb-2018 19:13:04 UTC] PHP   3. addFromDeck() /home/ubuntu/workspace/dawong/hw/hw2/inc/functions.php:64
[18-Feb-2018 19:13:04 UTC] PHP   4. array_pop() /home/ubuntu/workspace/dawong/hw/hw2/inc/functions.php:30
[18-Feb-2018 19:13:04 UTC] PHP Warning:  array_pop() expects parameter 1 to be array, null given in /home/ubuntu/workspace/dawong/hw/hw2/inc/functions.php on line 30
[18-Feb-2018 19:13:04 UTC] PHP Stack trace:
[18-Feb-2018 19:13:04 UTC] PHP   1. {main}() /home/ubuntu/workspace/dawong/hw/hw2/index.php:0
[18-Feb-2018 19:13:04 UTC] PHP   2. play() /home/ubuntu/workspace/dawong/hw/hw2/index.php:13
[18-Feb-2018 19:13:04 UTC] PHP   3. addFromDeck() /home/ubuntu/workspace/dawong/hw/hw2/inc/functions.php:65
[18-Feb-2018 19:13:04 UTC] PHP   4. array_pop() /home/ubuntu/workspace/dawong/hw/hw2/inc/functions.php:30
[18-Feb-2018 19:13:04 UTC] PHP Warning:  array_pop() expects parameter 1 to be array, null given in /home/ubuntu/workspace/dawong/hw/hw2/inc/functions.php on line 30
[18-Feb-2018 19:13:04 UTC] PHP Stack trace:
[18-Feb-2018 19:13:04 UTC] PHP   1. {main}() /home/ubuntu/workspace/dawong/hw/hw2/index.php:0
[18-Feb-2018 19:13:04 UTC] PHP   2. play() /home/ubuntu/workspace/dawong/hw/hw2/index.php:13
[18-Feb-2018 19:13:04 UTC] PHP   3. addFromDeck() /home/ubuntu/workspace/dawong/hw/hw2/inc/functions.php:65
[18-Feb-2018 19:13:04 UTC] PHP   4. array_pop() /home/ubuntu/workspace/dawong/hw/hw2/inc/functions.php:30
[18-Feb-2018 19:13:04 UTC] PHP Warning:  array_pop() expects parameter 1 to be array, null given in /home/ubuntu/workspace/dawong/hw/hw2/inc/functions.php on line 30
[18-Feb-2018 19:13:04 UTC] PHP Stack trace:
[18-Feb-2018 19:13:04 UTC] PHP   1. {main}() /home/ubuntu/workspace/dawong/hw/hw2/index.php:0
[18-Feb-2018 19:13:04 UTC] PHP   2. play() /home/ubuntu/workspace/dawong/hw/hw2/index.php:13
[18-Feb-2018 19:13:04 UTC] PHP   3. addFromDeck() /home/ubuntu/workspace/dawong/hw/hw2/inc/functions.php:66
[18-Feb-2018 19:13:04 UTC] PHP   4. array_pop() /home/ubuntu/workspace/dawong/hw/hw2/inc/functions.php:30
[18-Feb-2018 19:13:04 UTC] PHP Warning:  array_pop() expects parameter 1 to be array, null given in /home/ubuntu/workspace/dawong/hw/hw2/inc/functions.php on line 30
[18-Feb-2018 19:13:04 UTC] PHP Stack trace:
[18-Feb-2018 19:13:04 UTC] PHP   1. {main}() /home/ubuntu/workspace/dawong/hw/hw2/index.php:0
[18-Feb-2018 19:13:04 UTC] PHP   2. play() /home/ubuntu/workspace/dawong/hw/hw2/index.php:13
[18-Feb-2018 19:13:04 UTC] PHP   3. addFromDeck() /home/ubuntu/workspace/dawong/hw/hw2/inc/functions.php:66
[18-Feb-2018 19:13:04 UTC] PHP   4. array_pop() /home/ubuntu/workspace/dawong/hw/hw2/inc/functions.php:30
[18-Feb-2018 19:13:04 UTC] PHP Warning:  array_pop() expects parameter 1 to be array, null given in /home/ubuntu/workspace/dawong/hw/hw2/inc/functions.php on line 30
[18-Feb-2018 19:13:04 UTC] PHP Stack trace:
[18-Feb-2018 19:13:04 UTC] PHP   1. {main}() /home/ubuntu/workspace/dawong/hw/hw2/index.php:0
[18-Feb-2018 19:13:04 UTC] PHP   2. play() /home/ubuntu/workspace/dawong/hw/hw2/index.php:13
[18-Feb-2018 19:13:04 UTC] PHP   3. addFromDeck() /home/ubuntu/workspace/dawong/hw/hw2/inc/functions.php:67
[18-Feb-2018 19:13:04 UTC] PHP   4. array_pop() /home/ubuntu/workspace/dawong/hw/hw2/inc/functions.php:30
[18-Feb-2018 19:13:04 UTC] PHP Warning:  array_pop() expects parameter 1 to be array, null given in /home/ubuntu/workspace/dawong/hw/hw2/inc/functions.php on line 30
[18-Feb-2018 19:13:04 UTC] PHP Stack trace:
[18-Feb-2018 19:13:04 UTC] PHP   1. {main}() /home/ubuntu/workspace/dawong/hw/hw2/index.php:0
[18-Feb-2018 19:13:04 UTC] PHP   2. play() /home/ubuntu/workspace/dawong/hw/hw2/index.php:13
[18-Feb-2018 19:13:04 UTC] PHP   3. addFromDeck() /home/ubuntu/workspace/dawong/hw/hw2/inc/functions.php:67
[18-Feb-2018 19:13:04 UTC] PHP   4. array_pop() /home/ubuntu/workspace/dawong/hw/hw2/inc/functions.php:30
[18-Feb-2018 19:13:04 UTC] PHP Warning:  array_pop() expects parameter 1 to be array, null given in /home/ubuntu/workspace/dawong/hw/hw2/inc/functions.php on line 30
[18-Feb-2018 19:13:04 UTC] PHP Stack trace:
[18-Feb-2018 19:13:04 UTC] PHP   1. {main}() /home/ubuntu/workspace/dawong/hw/hw2/index.php:0
[18-Feb-2018 19:13:04 UTC] PHP   2. play() /home/ubuntu/workspace/dawong/hw/hw2/index.php:13
[18-Feb-2018 19:13:04 UTC] PHP   3. addFromDeck() /home/ubuntu/workspace/dawong/hw/hw2/inc/functions.php:67
[18-Feb-2018 19:13:04 UTC] PHP   4. array_pop() /home/ubuntu/workspace/dawong/hw/hw2/inc/functions.php:30
[18-Feb-2018 19:13:04 UTC] PHP Warning:  array_pop() expects parameter 1 to be array, null given in /home/ubuntu/workspace/dawong/hw/hw2/inc/functions.php on line 30
[18-Feb-2018 19:13:04 UTC] PHP Stack trace:
[18-Feb-2018 19:13:04 UTC] PHP   1. {main}() /home/ubuntu/workspace/dawong/hw/hw2/index.php:0
[18-Feb-2018 19:13:04 UTC] PHP   2. play() /home/ubuntu/workspace/dawong/hw/hw2/index.php:13
[18-Feb-2018 19:13:04 UTC] PHP   3. addFromDeck() /home/ubuntu/workspace/dawong/hw/hw2/inc/functions.php:67
[18-Feb-2018 19:13:04 UTC] PHP   4. array_pop() /home/ubuntu/workspace/dawong/hw/hw2/inc/functions.php:30
[18-Feb-2018 19:13:04 UTC] PHP Warning:  array_pop() expects parameter 1 to be array, null given in /home/ubuntu/workspace/dawong/hw/hw2/inc/functions.php on line 30
[18-Feb-2018 19:13:04 UTC] PHP Stack trace:
[18-Feb-2018 19:13:04 UTC] PHP   1. {main}() /home/ubuntu/workspace/dawong/hw/hw2/index.php:0
[18-Feb-2018 19:13:04 UTC] PHP   2. play() /home/ubuntu/workspace/dawong/hw/hw2/index.php:13
[18-Feb-2018 19:13:04 UTC] PHP   3. addFromDeck() /home/ubuntu/workspace/dawong/hw/hw2/inc/functions.php:67
[18-Feb-2018 19:13:04 UTC] PHP   4. array_pop() /home/ubuntu/workspace/dawong/hw/hw2/inc/functions.php:30
[18-Feb-2018 19:14:02 UTC] PHP Warning:  array_pop() expects parameter 1 to be array, null given in /home/ubuntu/workspace/dawong/hw/hw2/inc/functions.php on line 30
[18-Feb-2018 19:14:02 UTC] PHP Stack trace:
[18-Feb-2018 19:14:02 UTC] PHP   1. {main}() /home/ubuntu/workspace/dawong/hw/hw2/index.php:0
[18-Feb-2018 19:14:02 UTC] PHP   2. play() /home/ubuntu/workspace/dawong/hw/hw2/index.php:13
[18-Feb-2018 19:14:02 UTC] PHP   3. addFromDeck() /home/ubuntu/workspace/dawong/hw/hw2/inc/functions.php:63
[18-Feb-2018 19:14:02 UTC] PHP   4. array_pop() /home/ubuntu/workspace/dawong/hw/hw2/inc/functions.php:30
[18-Feb-2018 19:14:02 UTC] PHP Warning:  array_pop() expects parameter 1 to be array, null given in /home/ubuntu/workspace/dawong/hw/hw2/inc/functions.php on line 30
[18-Feb-2018 19:14:02 UTC] PHP Stack trace:
[18-Feb-2018 19:14:02 UTC] PHP   1. {main}() /home/ubuntu/workspace/dawong/hw/hw2/index.php:0
[18-Feb-2018 19:14:02 UTC] PHP   2. play() /home/ubuntu/workspace/dawong/hw/hw2/index.php:13
[18-Feb-2018 19:14:02 UTC] PHP   3. addFromDeck() /home/ubuntu/workspace/dawong/hw/hw2/inc/functions.php:63
[18-Feb-2018 19:14:02 UTC] PHP   4. array_pop() /home/ubuntu/workspace/dawong/hw/hw2/inc/functions.php:30
[18-Feb-2018 19:14:02 UTC] PHP Warning:  array_pop() expects parameter 1 to be array, null given in /home/ubuntu/workspace/dawong/hw/hw2/inc/functions.php on line 30
[18-Feb-2018 19:14:02 UTC] PHP Stack trace:
[18-Feb-2018 19:14:02 UTC] PHP   1. {main}() /home/ubuntu/workspace/dawong/hw/hw2/index.php:0
[18-Feb-2018 19:14:02 UTC] PHP   2. play() /home/ubuntu/workspace/dawong/hw/hw2/index.php:13
[18-Feb-2018 19:14:02 UTC] PHP   3. addFromDeck() /home/ubuntu/workspace/dawong/hw/hw2/inc/functions.php:64
[18-Feb-2018 19:14:02 UTC] PHP   4. array_pop() /home/ubuntu/workspace/dawong/hw/hw2/inc/functions.php:30
[18-Feb-2018 19:14:02 UTC] PHP Warning:  array_pop() expects parameter 1 to be array, null given in /home/ubuntu/workspace/dawong/hw/hw2/inc/functions.php on line 30
[18-Feb-2018 19:14:02 UTC] PHP Stack trace:
[18-Feb-2018 19:14:02 UTC] PHP   1. {main}() /home/ubuntu/workspace/dawong/hw/hw2/index.php:0
[18-Feb-2018 19:14:02 UTC] PHP   2. play() /home/ubuntu/workspace/dawong/hw/hw2/index.php:13
[18-Feb-2018 19:14:02 UTC] PHP   3. addFromDeck() /home/ubuntu/workspace/dawong/hw/hw2/inc/functions.php:64
[18-Feb-2018 19:14:02 UTC] PHP   4. array_pop() /home/ubuntu/workspace/dawong/hw/hw2/inc/functions.php:30
[18-Feb-2018 19:14:02 UTC] PHP Warning:  array_pop() expects parameter 1 to be array, null given in /home/ubuntu/workspace/dawong/hw/hw2/inc/functions.php on line 30
[18-Feb-2018 19:14:02 UTC] PHP Stack trace:
[18-Feb-2018 19:14:02 UTC] PHP   1. {main}() /home/ubuntu/workspace/dawong/hw/hw2/index.php:0
[18-Feb-2018 19:14:02 UTC] PHP   2. play() /home/ubuntu/workspace/dawong/hw/hw2/index.php:13
[18-Feb-2018 19:14:02 UTC] PHP   3. addFromDeck() /home/ubuntu/workspace/dawong/hw/hw2/inc/functions.php:65
[18-Feb-2018 19:14:02 UTC] PHP   4. array_pop() /home/ubuntu/workspace/dawong/hw/hw2/inc/functions.php:30
[18-Feb-2018 19:14:02 UTC] PHP Warning:  array_pop() expects parameter 1 to be array, null given in /home/ubuntu/workspace/dawong/hw/hw2/inc/functions.php on line 30
[18-Feb-2018 19:14:02 UTC] PHP Stack trace:
[18-Feb-2018 19:14:02 UTC] PHP   1. {main}() /home/ubuntu/workspace/dawong/hw/hw2/index.php:0
[18-Feb-2018 19:14:02 UTC] PHP   2. play() /home/ubuntu/workspace/dawong/hw/hw2/index.php:13
[18-Feb-2018 19:14:02 UTC] PHP   3. addFromDeck() /home/ubuntu/workspace/dawong/hw/hw2/inc/functions.php:65
[18-Feb-2018 19:14:02 UTC] PHP   4. array_pop() /home/ubuntu/workspace/dawong/hw/hw2/inc/functions.php:30
[18-Feb-2018 19:14:02 UTC] PHP Warning:  array_pop() expects parameter 1 to be array, null given in /home/ubuntu/workspace/dawong/hw/hw2/inc/functions.php on line 30
[18-Feb-2018 19:14:02 UTC] PHP Stack trace:
[18-Feb-2018 19:14:02 UTC] PHP   1. {main}() /home/ubuntu/workspace/dawong/hw/hw2/index.php:0
[18-Feb-2018 19:14:02 UTC] PHP   2. play() /home/ubuntu/workspace/dawong/hw/hw2/index.php:13
[18-Feb-2018 19:14:02 UTC] PHP   3. addFromDeck() /home/ubuntu/workspace/dawong/hw/hw2/inc/functions.php:66
[18-Feb-2018 19:14:02 UTC] PHP   4. array_pop() /home/ubuntu/workspace/dawong/hw/hw2/inc/functions.php:30
[18-Feb-2018 19:14:02 UTC] PHP Warning:  array_pop() expects parameter 1 to be array, null given in /home/ubuntu/workspace/dawong/hw/hw2/inc/functions.php on line 30
[18-Feb-2018 19:14:02 UTC] PHP Stack trace:
[18-Feb-2018 19:14:02 UTC] PHP   1. {main}() /home/ubuntu/workspace/dawong/hw/hw2/index.php:0
[18-Feb-2018 19:14:02 UTC] PHP   2. play() /home/ubuntu/workspace/dawong/hw/hw2/index.php:13
[18-Feb-2018 19:14:02 UTC] PHP   3. addFromDeck() /home/ubuntu/workspace/dawong/hw/hw2/inc/functions.php:66
[18-Feb-2018 19:14:02 UTC] PHP   4. array_pop() /home/ubuntu/workspace/dawong/hw/hw2/inc/functions.php:30
[18-Feb-2018 19:14:02 UTC] PHP Warning:  array_pop() expects parameter 1 to be array, null given in /home/ubuntu/workspace/dawong/hw/hw2/inc/functions.php on line 30
[18-Feb-2018 19:14:02 UTC] PHP Stack trace:
[18-Feb-2018 19:14:02 UTC] PHP   1. {main}() /home/ubuntu/workspace/dawong/hw/hw2/index.php:0
[18-Feb-2018 19:14:02 UTC] PHP   2. play() /home/ubuntu/workspace/dawong/hw/hw2/index.php:13
[18-Feb-2018 19:14:02 UTC] PHP   3. addFromDeck() /home/ubuntu/workspace/dawong/hw/hw2/inc/functions.php:67
[18-Feb-2018 19:14:02 UTC] PHP   4. array_pop() /home/ubuntu/workspace/dawong/hw/hw2/inc/functions.php:30
[18-Feb-2018 19:14:02 UTC] PHP Warning:  array_pop() expects parameter 1 to be array, null given in /home/ubuntu/workspace/dawong/hw/hw2/inc/functions.php on line 30
[18-Feb-2018 19:14:02 UTC] PHP Stack trace:
[18-Feb-2018 19:14:02 UTC] PHP   1. {main}() /home/ubuntu/workspace/dawong/hw/hw2/index.php:0
[18-Feb-2018 19:14:02 UTC] PHP   2. play() /home/ubuntu/workspace/dawong/hw/hw2/index.php:13
[18-Feb-2018 19:14:02 UTC] PHP   3. addFromDeck() /home/ubuntu/workspace/dawong/hw/hw2/inc/functions.php:67
[18-Feb-2018 19:14:02 UTC] PHP   4. array_pop() /home/ubuntu/workspace/dawong/hw/hw2/inc/functions.php:30
[18-Feb-2018 19:14:02 UTC] PHP Warning:  array_pop() expects parameter 1 to be array, null given in /home/ubuntu/workspace/dawong/hw/hw2/inc/functions.php on line 30
[18-Feb-2018 19:14:02 UTC] PHP Stack trace:
[18-Feb-2018 19:14:02 UTC] PHP   1. {main}() /home/ubuntu/workspace/dawong/hw/hw2/index.php:0
[18-Feb-2018 19:14:02 UTC] PHP   2. play() /home/ubuntu/workspace/dawong/hw/hw2/index.php:13
[18-Feb-2018 19:14:02 UTC] PHP   3. addFromDeck() /home/ubuntu/workspace/dawong/hw/hw2/inc/functions.php:67
[18-Feb-2018 19:14:02 UTC] PHP   4. array_pop() /home/ubuntu/workspace/dawong/hw/hw2/inc/functions.php:30
[18-Feb-2018 19:14:02 UTC] PHP Warning:  array_pop() expects parameter 1 to be array, null given in /home/ubuntu/workspace/dawong/hw/hw2/inc/functions.php on line 30
[18-Feb-2018 19:14:02 UTC] PHP Stack trace:
[18-Feb-2018 19:14:02 UTC] PHP   1. {main}() /home/ubuntu/workspace/dawong/hw/hw2/index.php:0
[18-Feb-2018 19:14:02 UTC] PHP   2. play() /home/ubuntu/workspace/dawong/hw/hw2/index.php:13
[18-Feb-2018 19:14:02 UTC] PHP   3. addFromDeck() /home/ubuntu/workspace/dawong/hw/hw2/inc/functions.php:67
[18-Feb-2018 19:14:02 UTC] PHP   4. array_pop() /home/ubuntu/workspace/dawong/hw/hw2/inc/functions.php:30
[18-Feb-2018 19:14:02 UTC] PHP Warning:  array_pop() expects parameter 1 to be array, null given in /home/ubuntu/workspace/dawong/hw/hw2/inc/functions.php on line 30
[18-Feb-2018 19:14:02 UTC] PHP Stack trace:
[18-Feb-2018 19:14:02 UTC] PHP   1. {main}() /home/ubuntu/workspace/dawong/hw/hw2/index.php:0
[18-Feb-2018 19:14:02 UTC] PHP   2. play() /home/ubuntu/workspace/dawong/hw/hw2/index.php:13
[18-Feb-2018 19:14:02 UTC] PHP   3. addFromDeck() /home/ubuntu/workspace/dawong/hw/hw2/inc/functions.php:67
[18-Feb-2018 19:14:02 UTC] PHP   4. array_pop() /home/ubuntu/workspace/dawong/hw/hw2/inc/functions.php:30
[18-Feb-2018 19:16:01 UTC] PHP Fatal error:  Call-time pass-by-reference has been removed in /home/ubuntu/workspace/dawong/hw/hw2/inc/functions.php on line 30
[18-Feb-2018 19:16:01 UTC] PHP Stack trace:
[18-Feb-2018 19:16:01 UTC] PHP   1. {main}() /home/ubuntu/workspace/dawong/hw/hw2/index.php:0
[18-Feb-2018 21:05:07 UTC] PHP Warning:  Invalid argument supplied for foreach() in /home/ubuntu/workspace/dawong/hw/hwX/inc/functions.php on line 104
[18-Feb-2018 21:05:07 UTC] PHP Stack trace:
[18-Feb-2018 21:05:07 UTC] PHP   1. {main}() /home/ubuntu/workspace/dawong/hw/hwX/index.php:0
[18-Feb-2018 21:05:07 UTC] PHP   2. play() /home/ubuntu/workspace/dawong/hw/hwX/index.php:12
[18-Feb-2018 21:05:07 UTC] PHP   3. playGame() /home/ubuntu/workspace/dawong/hw/hwX/inc/functions.php:168
[18-Feb-2018 21:05:07 UTC] PHP   4. printPlayerCards() /home/ubuntu/workspace/dawong/hw/hwX/inc/functions.php:166
[18-Feb-2018 21:05:07 UTC] PHP Warning:  Invalid argument supplied for foreach() in /home/ubuntu/workspace/dawong/hw/hwX/inc/functions.php on line 123
[18-Feb-2018 21:05:07 UTC] PHP Stack trace:
[18-Feb-2018 21:05:07 UTC] PHP   1. {main}() /home/ubuntu/workspace/dawong/hw/hwX/index.php:0
[18-Feb-2018 21:05:07 UTC] PHP   2. play() /home/ubuntu/workspace/dawong/hw/hwX/index.php:12
[18-Feb-2018 21:05:07 UTC] PHP   3. playGame() /home/ubuntu/workspace/dawong/hw/hwX/inc/functions.php:168
[18-Feb-2018 21:05:07 UTC] PHP   4. printPlayerCards() /home/ubuntu/workspace/dawong/hw/hwX/inc/functions.php:166
[18-Feb-2018 21:10:02 UTC] PHP Parse error:  syntax error, unexpected end of file in /home/ubuntu/workspace/dawong/hw/hwX/inc/functions.php on line 171
[18-Feb-2018 21:10:02 UTC] PHP Stack trace:
[18-Feb-2018 21:10:02 UTC] PHP   1. {main}() /home/ubuntu/workspace/dawong/hw/hwX/index.php:0
[18-Feb-2018 21:12:21 UTC] PHP Warning:  Invalid argument supplied for foreach() in /home/ubuntu/workspace/dawong/hw/hwX/inc/functions.php on line 42
[18-Feb-2018 21:12:21 UTC] PHP Stack trace:
[18-Feb-2018 21:12:21 UTC] PHP   1. {main}() /home/ubuntu/workspace/dawong/hw/hwX/index.php:0
[18-Feb-2018 21:12:21 UTC] PHP   2. play() /home/ubuntu/workspace/dawong/hw/hwX/index.php:12
[18-Feb-2018 21:12:21 UTC] PHP   3. playGame() /home/ubuntu/workspace/dawong/hw/hwX/inc/functions.php:168
[18-Feb-2018 21:12:21 UTC] PHP   4. printCards() /home/ubuntu/workspace/dawong/hw/hwX/inc/functions.php:163
[18-Feb-2018 21:12:21 UTC] PHP Warning:  Invalid argument supplied for foreach() in /home/ubuntu/workspace/dawong/hw/hwX/inc/functions.php on line 42
[18-Feb-2018 21:12:21 UTC] PHP Stack trace:
[18-Feb-2018 21:12:21 UTC] PHP   1. {main}() /home/ubuntu/workspace/dawong/hw/hwX/index.php:0
[18-Feb-2018 21:12:21 UTC] PHP   2. play() /home/ubuntu/workspace/dawong/hw/hwX/index.php:12
[18-Feb-2018 21:12:21 UTC] PHP   3. playGame() /home/ubuntu/workspace/dawong/hw/hwX/inc/functions.php:168
[18-Feb-2018 21:12:21 UTC] PHP   4. printCards() /home/ubuntu/workspace/dawong/hw/hwX/inc/functions.php:164
[18-Feb-2018 21:17:25 UTC] PHP Warning:  Invalid argument supplied for foreach() in /home/ubuntu/workspace/dawong/hw/hwX/inc/functions.php on line 42
[18-Feb-2018 21:17:25 UTC] PHP Stack trace:
[18-Feb-2018 21:17:25 UTC] PHP   1. {main}() /home/ubuntu/workspace/dawong/hw/hwX/index.php:0
[18-Feb-2018 21:17:25 UTC] PHP   2. play() /home/ubuntu/workspace/dawong/hw/hwX/index.php:12
[18-Feb-2018 21:17:25 UTC] PHP   3. playGame() /home/ubuntu/workspace/dawong/hw/hwX/inc/functions.php:165
[18-Feb-2018 21:17:25 UTC] PHP   4. printCards() /home/ubuntu/workspace/dawong/hw/hwX/inc/functions.php:160
[18-Feb-2018 21:17:25 UTC] PHP Warning:  Invalid argument supplied for foreach() in /home/ubuntu/workspace/dawong/hw/hwX/inc/functions.php on line 42
[18-Feb-2018 21:17:25 UTC] PHP Stack trace:
[18-Feb-2018 21:17:25 UTC] PHP   1. {main}() /home/ubuntu/workspace/dawong/hw/hwX/index.php:0
[18-Feb-2018 21:17:25 UTC] PHP   2. play() /home/ubuntu/workspace/dawong/hw/hwX/index.php:12
[18-Feb-2018 21:17:25 UTC] PHP   3. playGame() /home/ubuntu/workspace/dawong/hw/hwX/inc/functions.php:165
[18-Feb-2018 21:17:25 UTC] PHP   4. printCards() /home/ubuntu/workspace/dawong/hw/hwX/inc/functions.php:161
[18-Feb-2018 21:19:09 UTC] PHP Warning:  Invalid argument supplied for foreach() in /home/ubuntu/workspace/dawong/hw/hwX/inc/functions.php on line 42
[18-Feb-2018 21:19:09 UTC] PHP Stack trace:
[18-Feb-2018 21:19:09 UTC] PHP   1. {main}() /home/ubuntu/workspace/dawong/hw/hwX/index.php:0
[18-Feb-2018 21:19:09 UTC] PHP   2. play() /home/ubuntu/workspace/dawong/hw/hwX/index.php:12
[18-Feb-2018 21:19:09 UTC] PHP   3. playGame() /home/ubuntu/workspace/dawong/hw/hwX/inc/functions.php:165
[18-Feb-2018 21:19:09 UTC] PHP   4. printCards() /home/ubuntu/workspace/dawong/hw/hwX/inc/functions.php:160
[18-Feb-2018 21:19:09 UTC] PHP Warning:  Invalid argument supplied for foreach() in /home/ubuntu/workspace/dawong/hw/hwX/inc/functions.php on line 42
[18-Feb-2018 21:19:09 UTC] PHP Stack trace:
[18-Feb-2018 21:19:09 UTC] PHP   1. {main}() /home/ubuntu/workspace/dawong/hw/hwX/index.php:0
[18-Feb-2018 21:19:09 UTC] PHP   2. play() /home/ubuntu/workspace/dawong/hw/hwX/index.php:12
[18-Feb-2018 21:19:09 UTC] PHP   3. playGame() /home/ubuntu/workspace/dawong/hw/hwX/inc/functions.php:165
[18-Feb-2018 21:19:09 UTC] PHP   4. printCards() /home/ubuntu/workspace/dawong/hw/hwX/inc/functions.php:161
[18-Feb-2018 21:20:44 UTC] PHP Warning:  Invalid argument supplied for foreach() in /home/ubuntu/workspace/dawong/hw/hwX/inc/functions.php on line 42
[18-Feb-2018 21:20:44 UTC] PHP Stack trace:
[18-Feb-2018 21:20:44 UTC] PHP   1. {main}() /home/ubuntu/workspace/dawong/hw/hwX/index.php:0
[18-Feb-2018 21:20:44 UTC] PHP   2. play() /home/ubuntu/workspace/dawong/hw/hwX/index.php:12
[18-Feb-2018 21:20:44 UTC] PHP   3. playGame() /home/ubuntu/workspace/dawong/hw/hwX/inc/functions.php:165
[18-Feb-2018 21:20:44 UTC] PHP   4. printCards() /home/ubuntu/workspace/dawong/hw/hwX/inc/functions.php:160
[18-Feb-2018 21:20:44 UTC] PHP Warning:  Invalid argument supplied for foreach() in /home/ubuntu/workspace/dawong/hw/hwX/inc/functions.php on line 42
[18-Feb-2018 21:20:44 UTC] PHP Stack trace:
[18-Feb-2018 21:20:44 UTC] PHP   1. {main}() /home/ubuntu/workspace/dawong/hw/hwX/index.php:0
[18-Feb-2018 21:20:44 UTC] PHP   2. play() /home/ubuntu/workspace/dawong/hw/hwX/index.php:12
[18-Feb-2018 21:20:44 UTC] PHP   3. playGame() /home/ubuntu/workspace/dawong/hw/hwX/inc/functions.php:165
[18-Feb-2018 21:20:44 UTC] PHP   4. printCards() /home/ubuntu/workspace/dawong/hw/hwX/inc/functions.php:161
[18-Feb-2018 21:20:58 UTC] PHP Warning:  Invalid argument supplied for foreach() in /home/ubuntu/workspace/dawong/hw/hwX/inc/functions.php on line 42
[18-Feb-2018 21:20:58 UTC] PHP Stack trace:
[18-Feb-2018 21:20:58 UTC] PHP   1. {main}() /home/ubuntu/workspace/dawong/hw/hwX/index.php:0
[18-Feb-2018 21:20:58 UTC] PHP   2. play() /home/ubuntu/workspace/dawong/hw/hwX/index.php:12
[18-Feb-2018 21:20:58 UTC] PHP   3. playGame() /home/ubuntu/workspace/dawong/hw/hwX/inc/functions.php:165
[18-Feb-2018 21:20:58 UTC] PHP   4. printCards() /home/ubuntu/workspace/dawong/hw/hwX/inc/functions.php:160
[18-Feb-2018 21:20:58 UTC] PHP Warning:  Invalid argument supplied for foreach() in /home/ubuntu/workspace/dawong/hw/hwX/inc/functions.php on line 42
[18-Feb-2018 21:20:58 UTC] PHP Stack trace:
[18-Feb-2018 21:20:58 UTC] PHP   1. {main}() /home/ubuntu/workspace/dawong/hw/hwX/index.php:0
[18-Feb-2018 21:20:58 UTC] PHP   2. play() /home/ubuntu/workspace/dawong/hw/hwX/index.php:12
[18-Feb-2018 21:20:58 UTC] PHP   3. playGame() /home/ubuntu/workspace/dawong/hw/hwX/inc/functions.php:165
[18-Feb-2018 21:20:58 UTC] PHP   4. printCards() /home/ubuntu/workspace/dawong/hw/hwX/inc/functions.php:161
[18-Feb-2018 21:24:14 UTC] PHP Warning:  Invalid argument supplied for foreach() in /home/ubuntu/workspace/dawong/hw/hwX/inc/functions.php on line 42
[18-Feb-2018 21:24:14 UTC] PHP Stack trace:
[18-Feb-2018 21:24:14 UTC] PHP   1. {main}() /home/ubuntu/workspace/dawong/hw/hwX/index.php:0
[18-Feb-2018 21:24:14 UTC] PHP   2. play() /home/ubuntu/workspace/dawong/hw/hwX/index.php:12
[18-Feb-2018 21:24:14 UTC] PHP   3. playGame() /home/ubuntu/workspace/dawong/hw/hwX/inc/functions.php:165
[18-Feb-2018 21:24:14 UTC] PHP   4. printCards() /home/ubuntu/workspace/dawong/hw/hwX/inc/functions.php:160
[18-Feb-2018 21:24:14 UTC] PHP Warning:  Invalid argument supplied for foreach() in /home/ubuntu/workspace/dawong/hw/hwX/inc/functions.php on line 42
[18-Feb-2018 21:24:14 UTC] PHP Stack trace:
[18-Feb-2018 21:24:14 UTC] PHP   1. {main}() /home/ubuntu/workspace/dawong/hw/hwX/index.php:0
[18-Feb-2018 21:24:14 UTC] PHP   2. play() /home/ubuntu/workspace/dawong/hw/hwX/index.php:12
[18-Feb-2018 21:24:14 UTC] PHP   3. playGame() /home/ubuntu/workspace/dawong/hw/hwX/inc/functions.php:165
[18-Feb-2018 21:24:14 UTC] PHP   4. printCards() /home/ubuntu/workspace/dawong/hw/hwX/inc/functions.php:161
[18-Feb-2018 21:46:52 UTC] PHP Warning:  array_pop() expects parameter 1 to be array, null given in /home/ubuntu/workspace/dawong/hw/hwX/inc/functions.php on line 54
[18-Feb-2018 21:46:52 UTC] PHP Stack trace:
[18-Feb-2018 21:46:52 UTC] PHP   1. {main}() /home/ubuntu/workspace/dawong/hw/hwX/index.php:0
[18-Feb-2018 21:46:52 UTC] PHP   2. play() /home/ubuntu/workspace/dawong/hw/hwX/index.php:12
[18-Feb-2018 21:46:52 UTC] PHP   3. playGame() /home/ubuntu/workspace/dawong/hw/hwX/inc/functions.php:177
[18-Feb-2018 21:46:52 UTC] PHP   4. playNextHand() /home/ubuntu/workspace/dawong/hw/hwX/inc/functions.php:152
[18-Feb-2018 21:46:52 UTC] PHP   5. array_pop(*uninitialized*) /home/ubuntu/workspace/dawong/hw/hwX/inc/functions.php:54
[18-Feb-2018 21:46:52 UTC] PHP Warning:  array_pop() expects parameter 1 to be array, null given in /home/ubuntu/workspace/dawong/hw/hwX/inc/functions.php on line 55
[18-Feb-2018 21:46:52 UTC] PHP Stack trace:
[18-Feb-2018 21:46:52 UTC] PHP   1. {main}() /home/ubuntu/workspace/dawong/hw/hwX/index.php:0
[18-Feb-2018 21:46:52 UTC] PHP   2. play() /home/ubuntu/workspace/dawong/hw/hwX/index.php:12
[18-Feb-2018 21:46:52 UTC] PHP   3. playGame() /home/ubuntu/workspace/dawong/hw/hwX/inc/functions.php:177
[18-Feb-2018 21:46:52 UTC] PHP   4. playNextHand() /home/ubuntu/workspace/dawong/hw/hwX/inc/functions.php:152
[18-Feb-2018 21:46:52 UTC] PHP   5. array_pop(*uninitialized*) /home/ubuntu/workspace/dawong/hw/hwX/inc/functions.php:55
[18-Feb-2018 21:48:24 UTC] PHP Warning:  array_pop() expects parameter 1 to be array, null given in /home/ubuntu/workspace/dawong/hw/hwX/inc/functions.php on line 53
[18-Feb-2018 21:48:24 UTC] PHP Stack trace:
[18-Feb-2018 21:48:24 UTC] PHP   1. {main}() /home/ubuntu/workspace/dawong/hw/hwX/index.php:0
[18-Feb-2018 21:48:24 UTC] PHP   2. play() /home/ubuntu/workspace/dawong/hw/hwX/index.php:12
[18-Feb-2018 21:48:24 UTC] PHP   3. playGame() /home/ubuntu/workspace/dawong/hw/hwX/inc/functions.php:177
[18-Feb-2018 21:48:24 UTC] PHP   4. playNextHand() /home/ubuntu/workspace/dawong/hw/hwX/inc/functions.php:152
[18-Feb-2018 21:48:24 UTC] PHP   5. array_pop(*uninitialized*) /home/ubuntu/workspace/dawong/hw/hwX/inc/functions.php:53
[18-Feb-2018 21:48:24 UTC] PHP Warning:  array_pop() expects parameter 1 to be array, null given in /home/ubuntu/workspace/dawong/hw/hwX/inc/functions.php on line 54
[18-Feb-2018 21:48:24 UTC] PHP Stack trace:
[18-Feb-2018 21:48:24 UTC] PHP   1. {main}() /home/ubuntu/workspace/dawong/hw/hwX/index.php:0
[18-Feb-2018 21:48:24 UTC] PHP   2. play() /home/ubuntu/workspace/dawong/hw/hwX/index.php:12
[18-Feb-2018 21:48:24 UTC] PHP   3. playGame() /home/ubuntu/workspace/dawong/hw/hwX/inc/functions.php:177
[18-Feb-2018 21:48:24 UTC] PHP   4. playNextHand() /home/ubuntu/workspace/dawong/hw/hwX/inc/functions.php:152
[18-Feb-2018 21:48:24 UTC] PHP   5. array_pop(*uninitialized*) /home/ubuntu/workspace/dawong/hw/hwX/inc/functions.php:54
[18-Feb-2018 21:49:19 UTC] PHP Warning:  array_pop() expects parameter 1 to be array, null given in /home/ubuntu/workspace/dawong/hw/hwX/inc/functions.php on line 56
[18-Feb-2018 21:49:19 UTC] PHP Stack trace:
[18-Feb-2018 21:49:19 UTC] PHP   1. {main}() /home/ubuntu/workspace/dawong/hw/hwX/index.php:0
[18-Feb-2018 21:49:19 UTC] PHP   2. play() /home/ubuntu/workspace/dawong/hw/hwX/index.php:12
[18-Feb-2018 21:49:19 UTC] PHP   3. playGame() /home/ubuntu/workspace/dawong/hw/hwX/inc/functions.php:178
[18-Feb-2018 21:49:19 UTC] PHP   4. playNextHand() /home/ubuntu/workspace/dawong/hw/hwX/inc/functions.php:153
[18-Feb-2018 21:49:19 UTC] PHP   5. array_pop(*uninitialized*) /home/ubuntu/workspace/dawong/hw/hwX/inc/functions.php:56
[18-Feb-2018 21:49:19 UTC] PHP Warning:  array_pop() expects parameter 1 to be array, null given in /home/ubuntu/workspace/dawong/hw/hwX/inc/functions.php on line 57
[18-Feb-2018 21:49:19 UTC] PHP Stack trace:
[18-Feb-2018 21:49:19 UTC] PHP   1. {main}() /home/ubuntu/workspace/dawong/hw/hwX/index.php:0
[18-Feb-2018 21:49:19 UTC] PHP   2. play() /home/ubuntu/workspace/dawong/hw/hwX/index.php:12
[18-Feb-2018 21:49:19 UTC] PHP   3. playGame() /home/ubuntu/workspace/dawong/hw/hwX/inc/functions.php:178
[18-Feb-2018 21:49:19 UTC] PHP   4. playNextHand() /home/ubuntu/workspace/dawong/hw/hwX/inc/functions.php:153
[18-Feb-2018 21:49:19 UTC] PHP   5. array_pop(*uninitialized*) /home/ubuntu/workspace/dawong/hw/hwX/inc/functions.php:57
[18-Feb-2018 22:23:55 UTC] PHP Parse error:  syntax error, unexpected 'suit' (T_STRING) in /home/ubuntu/workspace/dawong/hw/hwX/inc/functions.php on line 38
[18-Feb-2018 22:23:55 UTC] PHP Stack trace:
[18-Feb-2018 22:23:55 UTC] PHP   1. {main}() /home/ubuntu/workspace/dawong/hw/hwX/index.php:0
[18-Feb-2018 22:24:21 UTC] PHP Warning:  Missing argument 3 for addTestCard(), called in /home/ubuntu/workspace/dawong/hw/hwX/inc/functions.php on line 43 and defined in /home/ubuntu/workspace/dawong/hw/hwX/inc/functions.php on line 36
[18-Feb-2018 22:24:21 UTC] PHP Stack trace:
[18-Feb-2018 22:24:21 UTC] PHP   1. {main}() /home/ubuntu/workspace/dawong/hw/hwX/index.php:0
[18-Feb-2018 22:24:21 UTC] PHP   2. play() /home/ubuntu/workspace/dawong/hw/hwX/index.php:12
[18-Feb-2018 22:24:21 UTC] PHP   3. addTestCard($test_rank = *uninitialized*, $test_suit = *uninitialized*, $testDeck = *uninitialized*) /home/ubuntu/workspace/dawong/hw/hwX/inc/functions.php:43
[18-Feb-2018 22:24:21 UTC] PHP Warning:  Missing argument 3 for addTestCard(), called in /home/ubuntu/workspace/dawong/hw/hwX/inc/functions.php on line 44 and defined in /home/ubuntu/workspace/dawong/hw/hwX/inc/functions.php on line 36
[18-Feb-2018 22:24:21 UTC] PHP Stack trace:
[18-Feb-2018 22:24:21 UTC] PHP   1. {main}() /home/ubuntu/workspace/dawong/hw/hwX/index.php:0
[18-Feb-2018 22:24:21 UTC] PHP   2. play() /home/ubuntu/workspace/dawong/hw/hwX/index.php:12
[18-Feb-2018 22:24:21 UTC] PHP   3. addTestCard($test_rank = *uninitialized*, $test_suit = *uninitialized*, $testDeck = *uninitialized*) /home/ubuntu/workspace/dawong/hw/hwX/inc/functions.php:44
[18-Feb-2018 22:24:21 UTC] PHP Warning:  Missing argument 3 for addTestCard(), called in /home/ubuntu/workspace/dawong/hw/hwX/inc/functions.php on line 45 and defined in /home/ubuntu/workspace/dawong/hw/hwX/inc/functions.php on line 36
[18-Feb-2018 22:24:21 UTC] PHP Stack trace:
[18-Feb-2018 22:24:21 UTC] PHP   1. {main}() /home/ubuntu/workspace/dawong/hw/hwX/index.php:0
[18-Feb-2018 22:24:21 UTC] PHP   2. play() /home/ubuntu/workspace/dawong/hw/hwX/index.php:12
[18-Feb-2018 22:24:21 UTC] PHP   3. addTestCard($test_rank = *uninitialized*, $test_suit = *uninitialized*, $testDeck = *uninitialized*) /home/ubuntu/workspace/dawong/hw/hwX/inc/functions.php:45
[18-Feb-2018 22:24:21 UTC] PHP Warning:  Missing argument 3 for addTestCard(), called in /home/ubuntu/workspace/dawong/hw/hwX/inc/functions.php on line 46 and defined in /home/ubuntu/workspace/dawong/hw/hwX/inc/functions.php on line 36
[18-Feb-2018 22:24:21 UTC] PHP Stack trace:
[18-Feb-2018 22:24:21 UTC] PHP   1. {main}() /home/ubuntu/workspace/dawong/hw/hwX/index.php:0
[18-Feb-2018 22:24:21 UTC] PHP   2. play() /home/ubuntu/workspace/dawong/hw/hwX/index.php:12
[18-Feb-2018 22:24:21 UTC] PHP   3. addTestCard($test_rank = *uninitialized*, $test_suit = *uninitialized*, $testDeck = *uninitialized*) /home/ubuntu/workspace/dawong/hw/hwX/inc/functions.php:46
[18-Feb-2018 22:24:21 UTC] PHP Warning:  Missing argument 3 for addTestCard(), called in /home/ubuntu/workspace/dawong/hw/hwX/inc/functions.php on line 47 and defined in /home/ubuntu/workspace/dawong/hw/hwX/inc/functions.php on line 36
[18-Feb-2018 22:24:21 UTC] PHP Stack trace:
[18-Feb-2018 22:24:21 UTC] PHP   1. {main}() /home/ubuntu/workspace/dawong/hw/hwX/index.php:0
[18-Feb-2018 22:24:21 UTC] PHP   2. play() /home/ubuntu/workspace/dawong/hw/hwX/index.php:12
[18-Feb-2018 22:24:21 UTC] PHP   3. addTestCard($test_rank = *uninitialized*, $test_suit = *uninitialized*, $testDeck = *uninitialized*) /home/ubuntu/workspace/dawong/hw/hwX/inc/functions.php:47
[18-Feb-2018 22:24:21 UTC] PHP Warning:  Missing argument 3 for addTestCard(), called in /home/ubuntu/workspace/dawong/hw/hwX/inc/functions.php on line 48 and defined in /home/ubuntu/workspace/dawong/hw/hwX/inc/functions.php on line 36
[18-Feb-2018 22:24:21 UTC] PHP Stack trace:
[18-Feb-2018 22:24:21 UTC] PHP   1. {main}() /home/ubuntu/workspace/dawong/hw/hwX/index.php:0
[18-Feb-2018 22:24:21 UTC] PHP   2. play() /home/ubuntu/workspace/dawong/hw/hwX/index.php:12
[18-Feb-2018 22:24:21 UTC] PHP   3. addTestCard($test_rank = *uninitialized*, $test_suit = *uninitialized*, $testDeck = *uninitialized*) /home/ubuntu/workspace/dawong/hw/hwX/inc/functions.php:48
[18-Feb-2018 22:24:21 UTC] PHP Warning:  Missing argument 3 for addTestCard(), called in /home/ubuntu/workspace/dawong/hw/hwX/inc/functions.php on line 49 and defined in /home/ubuntu/workspace/dawong/hw/hwX/inc/functions.php on line 36
[18-Feb-2018 22:24:21 UTC] PHP Stack trace:
[18-Feb-2018 22:24:21 UTC] PHP   1. {main}() /home/ubuntu/workspace/dawong/hw/hwX/index.php:0
[18-Feb-2018 22:24:21 UTC] PHP   2. play() /home/ubuntu/workspace/dawong/hw/hwX/index.php:12
[18-Feb-2018 22:24:21 UTC] PHP   3. addTestCard($test_rank = *uninitialized*, $test_suit = *uninitialized*, $testDeck = *uninitialized*) /home/ubuntu/workspace/dawong/hw/hwX/inc/functions.php:49
[18-Feb-2018 22:24:21 UTC] PHP Warning:  Missing argument 3 for addTestCard(), called in /home/ubuntu/workspace/dawong/hw/hwX/inc/functions.php on line 50 and defined in /home/ubuntu/workspace/dawong/hw/hwX/inc/functions.php on line 36
[18-Feb-2018 22:24:21 UTC] PHP Stack trace:
[18-Feb-2018 22:24:21 UTC] PHP   1. {main}() /home/ubuntu/workspace/dawong/hw/hwX/index.php:0
[18-Feb-2018 22:24:21 UTC] PHP   2. play() /home/ubuntu/workspace/dawong/hw/hwX/index.php:12
[18-Feb-2018 22:24:21 UTC] PHP   3. addTestCard($test_rank = *uninitialized*, $test_suit = *uninitialized*, $testDeck = *uninitialized*) /home/ubuntu/workspace/dawong/hw/hwX/inc/functions.php:50
[18-Feb-2018 22:24:21 UTC] PHP Warning:  Missing argument 3 for addTestCard(), called in /home/ubuntu/workspace/dawong/hw/hwX/inc/functions.php on line 51 and defined in /home/ubuntu/workspace/dawong/hw/hwX/inc/functions.php on line 36
[18-Feb-2018 22:24:21 UTC] PHP Stack trace:
[18-Feb-2018 22:24:21 UTC] PHP   1. {main}() /home/ubuntu/workspace/dawong/hw/hwX/index.php:0
[18-Feb-2018 22:24:21 UTC] PHP   2. play() /home/ubuntu/workspace/dawong/hw/hwX/index.php:12
[18-Feb-2018 22:24:21 UTC] PHP   3. addTestCard($test_rank = *uninitialized*, $test_suit = *uninitialized*, $testDeck = *uninitialized*) /home/ubuntu/workspace/dawong/hw/hwX/inc/functions.php:51
[18-Feb-2018 22:24:21 UTC] PHP Warning:  Missing argument 3 for addTestCard(), called in /home/ubuntu/workspace/dawong/hw/hwX/inc/functions.php on line 52 and defined in /home/ubuntu/workspace/dawong/hw/hwX/inc/functions.php on line 36
[18-Feb-2018 22:24:21 UTC] PHP Stack trace:
[18-Feb-2018 22:24:21 UTC] PHP   1. {main}() /home/ubuntu/workspace/dawong/hw/hwX/index.php:0
[18-Feb-2018 22:24:21 UTC] PHP   2. play() /home/ubuntu/workspace/dawong/hw/hwX/index.php:12
[18-Feb-2018 22:24:21 UTC] PHP   3. addTestCard($test_rank = *uninitialized*, $test_suit = *uninitialized*, $testDeck = *uninitialized*) /home/ubuntu/workspace/dawong/hw/hwX/inc/functions.php:52
[18-Feb-2018 22:24:24 UTC] PHP Fatal error:  Allowed memory size of 134217728 bytes exhausted (tried to allocate 72 bytes) in /home/ubuntu/workspace/dawong/hw/hwX/inc/functions.php on line 180
[18-Feb-2018 22:24:24 UTC] PHP Stack trace:
[18-Feb-2018 22:24:24 UTC] PHP   1. {main}() /home/ubuntu/workspace/dawong/hw/hwX/index.php:0
[18-Feb-2018 22:24:24 UTC] PHP   2. play() /home/ubuntu/workspace/dawong/hw/hwX/index.php:12
[18-Feb-2018 22:24:24 UTC] PHP   3. playGame($given_deck = *uninitialized*, $P1_deck = *uninitialized*, $P2_deck = *uninitialized*) /home/ubuntu/workspace/dawong/hw/hwX/inc/functions.php:197
[18-Feb-2018 22:28:41 UTC] PHP Fatal error:  Call to undefined function printCards() in /home/ubuntu/workspace/dawong/hw/hwX/inc/functions.php on line 55
[18-Feb-2018 22:28:41 UTC] PHP Stack trace:
[18-Feb-2018 22:28:41 UTC] PHP   1. {main}() /home/ubuntu/workspace/dawong/hw/hwX/index.php:0
[18-Feb-2018 22:28:41 UTC] PHP   2. play() /home/ubuntu/workspace/dawong/hw/hwX/index.php:12
[18-Feb-2018 22:33:15 UTC] PHP Warning:  array_map() expects at least 2 parameters, 0 given in /home/ubuntu/workspace/dawong/hw/hwX/inc/functions.php on line 23
[18-Feb-2018 22:33:15 UTC] PHP Stack trace:
[18-Feb-2018 22:33:15 UTC] PHP   1. {main}() /home/ubuntu/workspace/dawong/hw/hwX/index.php:0
[18-Feb-2018 22:33:15 UTC] PHP   2. play() /home/ubuntu/workspace/dawong/hw/hwX/index.php:12
[18-Feb-2018 22:33:15 UTC] PHP   3. array_map() /home/ubuntu/workspace/dawong/hw/hwX/inc/functions.php:23
[18-Feb-2018 22:36:33 UTC] PHP Fatal error:  Allowed memory size of 134217728 bytes exhausted (tried to allocate 32 bytes) in /home/ubuntu/workspace/dawong/hw/hwX/inc/functions.php on line 79
[18-Feb-2018 22:36:33 UTC] PHP Stack trace:
[18-Feb-2018 22:36:33 UTC] PHP   1. {main}() /home/ubuntu/workspace/dawong/hw/hwX/index.php:0
[18-Feb-2018 22:36:33 UTC] PHP   2. play() /home/ubuntu/workspace/dawong/hw/hwX/index.php:12
[18-Feb-2018 22:36:33 UTC] PHP   3. playGame($given_deck = *uninitialized*, $P1_deck = *uninitialized*, $P2_deck = *uninitialized*) /home/ubuntu/workspace/dawong/hw/hwX/inc/functions.php:202
[18-Feb-2018 22:36:33 UTC] PHP   4. playNextHand($the_deck = *uninitialized*, $P1_deck = *uninitialized*, $P2_deck = *uninitialized*) /home/ubuntu/workspace/dawong/hw/hwX/inc/functions.php:172
[18-Feb-2018 22:38:51 UTC] PHP Fatal error:  Allowed memory size of 134217728 bytes exhausted (tried to allocate 72 bytes) in /home/ubuntu/workspace/dawong/hw/hwX/inc/functions.php on line 186
[18-Feb-2018 22:38:51 UTC] PHP Stack trace:
[18-Feb-2018 22:38:51 UTC] PHP   1. {main}() /home/ubuntu/workspace/dawong/hw/hwX/index.php:0
[18-Feb-2018 22:38:51 UTC] PHP   2. play() /home/ubuntu/workspace/dawong/hw/hwX/index.php:12
[18-Feb-2018 22:38:51 UTC] PHP   3. playGame($given_deck = *uninitialized*, $P1_deck = *uninitialized*, $P2_deck = *uninitialized*) /home/ubuntu/workspace/dawong/hw/hwX/inc/functions.php:203
