[05-Feb-2018 23:23:33 UTC] PHP Parse error:  syntax error, unexpected 'break' (T_BREAK) in /home/ubuntu/workspace/dawong/labs/lab2/index.php on line 17
[05-Feb-2018 23:43:32 UTC] PHP Fatal error:  Call to undefined function play() in /home/ubuntu/workspace/dawong/labs/lab2/index.php on line 10
[05-Feb-2018 23:43:32 UTC] PHP Stack trace:
[05-Feb-2018 23:43:32 UTC] PHP   1. {main}() /home/ubuntu/workspace/dawong/labs/lab2/index.php:0
[04-Mar-2018 01:44:17 UTC] PHP Parse error:  syntax error, unexpected '<' in /home/ubuntu/workspace/dawong/labs/lab4/index.php on line 121
[04-Mar-2018 01:46:00 UTC] PHP Parse error:  syntax error, unexpected '<' in /home/ubuntu/workspace/dawong/labs/lab4/index.php on line 121
[04-Mar-2018 01:47:20 UTC] PHP Parse error:  syntax error, unexpected '<' in /home/ubuntu/workspace/dawong/labs/lab4/index.php on line 121
[04-Mar-2018 05:31:37 UTC] PHP Fatal error:  Call to undefined function checkCategory() in /home/ubuntu/workspace/dawong/labs/lab4/index.php on line 79
[04-Mar-2018 05:31:37 UTC] PHP Stack trace:
[04-Mar-2018 05:31:37 UTC] PHP   1. {main}() /home/ubuntu/workspace/dawong/labs/lab4/index.php:0
[04-Mar-2018 05:32:24 UTC] PHP Fatal error:  Call to undefined function checkCategory() in /home/ubuntu/workspace/dawong/labs/lab4/index.php on line 79
[04-Mar-2018 05:32:24 UTC] PHP Stack trace:
[04-Mar-2018 05:32:24 UTC] PHP   1. {main}() /home/ubuntu/workspace/dawong/labs/lab4/index.php:0
[04-Mar-2018 05:36:10 UTC] PHP Fatal error:  Call to undefined function checkCategory() in /home/ubuntu/workspace/dawong/labs/lab4/index.php on line 79
[04-Mar-2018 05:36:10 UTC] PHP Stack trace:
[04-Mar-2018 05:36:10 UTC] PHP   1. {main}() /home/ubuntu/workspace/dawong/labs/lab4/index.php:0
[04-Mar-2018 05:37:44 UTC] PHP Fatal error:  Call to undefined function checkCategory() in /home/ubuntu/workspace/dawong/labs/lab4/index.php on line 79
[04-Mar-2018 05:37:44 UTC] PHP Stack trace:
[04-Mar-2018 05:37:44 UTC] PHP   1. {main}() /home/ubuntu/workspace/dawong/labs/lab4/index.php:0
[04-Mar-2018 05:38:34 UTC] PHP Fatal error:  Call to undefined function checkCategory() in /home/ubuntu/workspace/dawong/labs/lab4/index.php on line 79
[04-Mar-2018 05:38:34 UTC] PHP Stack trace:
[04-Mar-2018 05:38:34 UTC] PHP   1. {main}() /home/ubuntu/workspace/dawong/labs/lab4/index.php:0
[04-Mar-2018 05:39:07 UTC] PHP Fatal error:  Call to undefined function checkCategory() in /home/ubuntu/workspace/dawong/labs/lab4/index.php on line 79
[04-Mar-2018 05:39:07 UTC] PHP Stack trace:
[04-Mar-2018 05:39:07 UTC] PHP   1. {main}() /home/ubuntu/workspace/dawong/labs/lab4/index.php:0
[04-Mar-2018 05:39:36 UTC] PHP Fatal error:  Call to undefined function checkCategory() in /home/ubuntu/workspace/dawong/labs/lab4/index.php on line 79
[04-Mar-2018 05:39:36 UTC] PHP Stack trace:
[04-Mar-2018 05:39:36 UTC] PHP   1. {main}() /home/ubuntu/workspace/dawong/labs/lab4/index.php:0
[04-Mar-2018 05:40:57 UTC] PHP Fatal error:  Call to undefined function checkCategory() in /home/ubuntu/workspace/dawong/labs/lab4/index.php on line 79
[04-Mar-2018 05:40:57 UTC] PHP Stack trace:
[04-Mar-2018 05:40:57 UTC] PHP   1. {main}() /home/ubuntu/workspace/dawong/labs/lab4/index.php:0
[04-Mar-2018 05:41:47 UTC] PHP Fatal error:  Call to undefined function checkCategory() in /home/ubuntu/workspace/dawong/labs/lab4/index.php on line 79
[04-Mar-2018 05:41:47 UTC] PHP Stack trace:
[04-Mar-2018 05:41:47 UTC] PHP   1. {main}() /home/ubuntu/workspace/dawong/labs/lab4/index.php:0
[04-Mar-2018 05:42:39 UTC] PHP Fatal error:  Call to undefined function checkCategory() in /home/ubuntu/workspace/dawong/labs/lab4/index.php on line 80
[04-Mar-2018 05:42:39 UTC] PHP Stack trace:
[04-Mar-2018 05:42:39 UTC] PHP   1. {main}() /home/ubuntu/workspace/dawong/labs/lab4/index.php:0
[04-Mar-2018 05:45:06 UTC] PHP Fatal error:  Call to undefined function checkCategory() in /home/ubuntu/workspace/dawong/labs/lab4/index.php on line 79
[04-Mar-2018 05:45:06 UTC] PHP Stack trace:
[04-Mar-2018 05:45:06 UTC] PHP   1. {main}() /home/ubuntu/workspace/dawong/labs/lab4/index.php:0
[04-Mar-2018 05:46:20 UTC] PHP Fatal error:  Call to undefined function checkCategory() in /home/ubuntu/workspace/dawong/labs/lab4/index.php on line 79
[04-Mar-2018 05:46:20 UTC] PHP Stack trace:
[04-Mar-2018 05:46:20 UTC] PHP   1. {main}() /home/ubuntu/workspace/dawong/labs/lab4/index.php:0
[04-Mar-2018 05:46:37 UTC] PHP Fatal error:  Call to undefined function checkCategory() in /home/ubuntu/workspace/dawong/labs/lab4/index.php on line 79
[04-Mar-2018 05:46:37 UTC] PHP Stack trace:
[04-Mar-2018 05:46:37 UTC] PHP   1. {main}() /home/ubuntu/workspace/dawong/labs/lab4/index.php:0
[04-Mar-2018 05:46:40 UTC] PHP Fatal error:  Call to undefined function checkCategory() in /home/ubuntu/workspace/dawong/labs/lab4/index.php on line 79
[04-Mar-2018 05:46:40 UTC] PHP Stack trace:
[04-Mar-2018 05:46:40 UTC] PHP   1. {main}() /home/ubuntu/workspace/dawong/labs/lab4/index.php:0
[04-Mar-2018 05:46:58 UTC] PHP Fatal error:  Call to undefined function checkCategory() in /home/ubuntu/workspace/dawong/labs/lab4/index.php on line 80
[04-Mar-2018 05:46:58 UTC] PHP Stack trace:
[04-Mar-2018 05:46:58 UTC] PHP   1. {main}() /home/ubuntu/workspace/dawong/labs/lab4/index.php:0
[04-Mar-2018 05:47:10 UTC] PHP Fatal error:  Call to undefined function checkCategory() in /home/ubuntu/workspace/dawong/labs/lab4/index.php on line 81
[04-Mar-2018 05:47:10 UTC] PHP Stack trace:
[04-Mar-2018 05:47:10 UTC] PHP   1. {main}() /home/ubuntu/workspace/dawong/labs/lab4/index.php:0
[04-Mar-2018 06:09:13 UTC] PHP Fatal error:  Call to undefined function checkCategory() in /home/ubuntu/workspace/dawong/labs/lab4/index.php on line 84
[04-Mar-2018 06:09:13 UTC] PHP Stack trace:
[04-Mar-2018 06:09:13 UTC] PHP   1. {main}() /home/ubuntu/workspace/dawong/labs/lab4/index.php:0
[04-Mar-2018 06:09:28 UTC] PHP Fatal error:  Call to undefined function checkCategory() in /home/ubuntu/workspace/dawong/labs/lab4/index.php on line 84
[04-Mar-2018 06:09:28 UTC] PHP Stack trace:
[04-Mar-2018 06:09:28 UTC] PHP   1. {main}() /home/ubuntu/workspace/dawong/labs/lab4/index.php:0
[04-Mar-2018 06:12:01 UTC] PHP Fatal error:  Call to undefined function checkCategory() in /home/ubuntu/workspace/dawong/labs/lab4/index.php on line 84
[04-Mar-2018 06:12:01 UTC] PHP Stack trace:
[04-Mar-2018 06:12:01 UTC] PHP   1. {main}() /home/ubuntu/workspace/dawong/labs/lab4/index.php:0
[04-Mar-2018 06:16:29 UTC] PHP Fatal error:  Call to undefined function checkCategory() in /home/ubuntu/workspace/dawong/labs/lab4/index.php on line 84
[04-Mar-2018 06:16:29 UTC] PHP Stack trace:
[04-Mar-2018 06:16:29 UTC] PHP   1. {main}() /home/ubuntu/workspace/dawong/labs/lab4/index.php:0
[04-Mar-2018 06:16:37 UTC] PHP Fatal error:  Call to undefined function checkCategory() in /home/ubuntu/workspace/dawong/labs/lab4/index.php on line 84
[04-Mar-2018 06:16:37 UTC] PHP Stack trace:
[04-Mar-2018 06:16:37 UTC] PHP   1. {main}() /home/ubuntu/workspace/dawong/labs/lab4/index.php:0
